<?xml version="1.0" encoding="UTF-8"?>
<!-- Generated by org.testng.reporters.JUnitXMLReporter -->
<testsuite ignored="0" hostname="SPMUMLAP-043" failures="0" tests="3" name="All_scenarios" time="35.494" errors="0" timestamp="2024-02-26T18:23:07 IST">
  <testcase classname="com.test.user.All_scenarios" name="RUNALL" time="13.595"/>
  <testcase classname="com.test.user.All_scenarios" name="RUNALL" time="7.136"/>
  <testcase classname="com.test.user.All_scenarios" name="RUNALL" time="13.933"/>
</testsuite> <!-- All_scenarios -->
