<?xml version="1.0" encoding="UTF-8"?>
<!-- Generated by org.testng.reporters.JUnitXMLReporter -->
<testsuite ignored="0" hostname="SPMUMLAP-043" failures="0" tests="3" name="All_scenarios" time="31.422" errors="0" timestamp="2024-02-26T18:31:26 IST">
  <testcase classname="com.test.user.All_scenarios" name="RUNALL" time="7.919"/>
  <testcase classname="com.test.user.All_scenarios" name="RUNALL" time="8.536"/>
  <testcase classname="com.test.user.All_scenarios" name="RUNALL" time="14.185"/>
</testsuite> <!-- All_scenarios -->
